^Dsample=1
20447     1  20.9 111312 /Applications/ActRealm.app/Contents/MacOS/ActRealm
20732 20447   8.8  13536 /Applications/ActRealm.app/Contents/Helpers/actrealm s
sample=2
20447     1  20.3 111312 /Applications/ActRealm.app/Contents/MacOS/ActRealm
20732 20447   9.2  13536 /Applications/ActRealm.app/Contents/Helpers/actrealm s
sample=3
20447     1  19.9 111312 /Applications/ActRealm.app/Contents/MacOS/ActRealm
20732 20447   9.6  13536 /Applications/ActRealm.app/Contents/Helpers/actrealm s
sample=4
20447     1  19.6 111312 /Applications/ActRealm.app/Contents/MacOS/ActRealm
20732 20447  11.5  13536 /Applications/ActRealm.app/Contents/Helpers/actrealm s
sample=5
20447     1  21.8 111312 /Applications/ActRealm.app/Contents/MacOS/ActRealm
20732 20447   8.7  13536 /Applications/ActRealm.app/Contents/Helpers/actrealm s
sample=6
20447     1  19.1 111312 /Applications/ActRealm.app/Contents/MacOS/ActRealm
20732 20447   8.2  13536 /Applications/ActRealm.app/Contents/Helpers/actrealm s
sample=7
20447     1  21.1 111296 /Applications/ActRealm.app/Contents/MacOS/ActRealm
20732 20447  10.1  13536 /Applications/ActRealm.app/Contents/Helpers/actrealm s
sample=8
20447     1  19.5 111296 /Applications/ActRealm.app/Contents/MacOS/ActRealm
20732 20447   8.2  13536 /Applications/ActRealm.app/Contents/Helpers/actrealm s
sample=9
20447     1  21.9 111296 /Applications/ActRealm.app/Contents/MacOS/ActRealm
20732 20447   8.3  13536 /Applications/ActRealm.app/Contents/Helpers/actrealm s
sample=10
20447     1  21.9 111296 /Applications/ActRealm.app/Contents/MacOS/ActRealm
20732 20447   6.8  13536 /Applications/ActRealm.app/Contents/Helpers/actrealm s
sample=11
20447     1  22.7 111280 /Applications/ActRealm.app/Contents/MacOS/ActRealm
20732 20447   8.7  13536 /Applications/ActRealm.app/Contents/Helpers/actrealm s
sample=12
20447     1  22.8 111280 /Applications/ActRealm.app/Contents/MacOS/ActRealm
20732 20447   8.0  13536 /Applications/ActRealm.app/Contents/Helpers/actrealm s
sample=13
20447     1  22.2 111296 /Applications/ActRealm.app/Contents/MacOS/ActRealm
20732 20447   7.4  15536 /Applications/ActRealm.app/Contents/Helpers/actrealm s
sample=14
20447     1  18.8 111296 /Applications/ActRealm.app/Contents/MacOS/ActRealm
20732 20447   7.9  15536 /Applications/ActRealm.app/Contents/Helpers/actrealm s
sample=15
20447     1  23.7 111312 /Applications/ActRealm.app/Contents/MacOS/ActRealm
20732 20447   7.9  15552 /Applications/ActRealm.app/Contents/Helpers/actrealm s
